{"level":"info","ts":1700021966.733962,"caller":"controllers/health_controller.go:16","msg":"Request received","method":"POST","url":"/healthz"}
{"level":"error","ts":1700021966.734169,"caller":"controllers/health_controller.go:27","msg":"Method Not Allowed","method":"POST","url":"/healthz"}
{"level":"info","ts":1700021966.734354,"caller":"controllers/health_controller.go:21","msg":"Response sent","status":405}
{"level":"info","ts":1700021969.452298,"caller":"controllers/health_controller.go:16","msg":"Request received","method":"GET","url":"/healthz"}
{"level":"info","ts":1700021969.458735,"caller":"controllers/health_controller.go:21","msg":"Response sent","status":200}
{"level":"info","ts":1700021973.353173,"caller":"controllers/health_controller.go:16","msg":"Request received","method":"GET","url":"/healthz"}
{"level":"info","ts":1700021973.361753,"caller":"controllers/health_controller.go:21","msg":"Response sent","status":200}
{"level":"info","ts":1700021983.079447,"caller":"controllers/assignment_controller.go:37","msg":"Request received","method":"POST","url":"/v1/assignments","status":200}
{"level":"info","ts":1700021983.165875,"caller":"controllers/assignment_controller.go:43","msg":"Response sent","status":201}
{"level":"info","ts":1700021992.0384471,"caller":"controllers/assignment_controller.go:37","msg":"Request received","method":"GET","url":"/v1/assignments","status":200}
{"level":"info","ts":1700021992.122466,"caller":"controllers/assignment_controller.go:43","msg":"Response sent","status":200}
{"level":"info","ts":1700021998.272733,"caller":"controllers/assignment_controller.go:37","msg":"Request received","method":"PATCH","url":"/v1/assignments","status":200}
{"level":"error","ts":1700021998.272824,"caller":"controllers/assignment_controller.go:25","msg":"Method Not Allowed","method":"PATCH","url":"/v1/assignments","status":200}
{"level":"info","ts":1700021998.2728581,"caller":"controllers/assignment_controller.go:43","msg":"Response sent","status":405}
{"level":"info","ts":1700022004.123519,"caller":"controllers/assignment_controller.go:37","msg":"Request received","method":"POST","url":"/v1/assignments","status":200}
{"level":"error","ts":1700022004.203512,"caller":"controllers/assignment_controller.go:25","msg":"EOF","method":"POST","url":"/v1/assignments","status":200}
{"level":"info","ts":1700022004.203588,"caller":"controllers/assignment_controller.go:43","msg":"Response sent","status":400}
{"level":"info","ts":1700022016.6225789,"caller":"controllers/assignment_controller.go:37","msg":"Request received","method":"GET","url":"/v1/assignments","status":200}
{"level":"info","ts":1700022016.698526,"caller":"controllers/assignment_controller.go:43","msg":"Response sent","status":200}
{"level":"info","ts":1700022018.88885,"caller":"controllers/assignment_controller.go:37","msg":"Request received","method":"PUT","url":"/v1/assignments/316b8d37-34cd-447a-8c10-431daaf216d9","status":200}
{"level":"error","ts":1700022018.96872,"caller":"controllers/assignment_controller.go:25","msg":"Assignment not found","method":"PUT","url":"/v1/assignments/316b8d37-34cd-447a-8c10-431daaf216d9","status":200}
{"level":"info","ts":1700022018.968766,"caller":"controllers/assignment_controller.go:43","msg":"Response sent","status":404}
